<?xml version="1.0" encoding="UTF-8"?>
<!-- Generated by org.testng.reporters.JUnitXMLReporter -->
<testsuite ignored="0" hostname="TYSS-Theanmozli" failures="0" tests="5" name="Default test" time="0.089" errors="0" timestamp="2024-07-26T15:25:17 IST">
  <testcase classname="task.FT" name="ft_01" time="0.012"/>
  <testcase classname="task.FT" name="ft_02" time="0.002"/>
  <testcase classname="task.FT" name="ft_03" time="0.004"/>
  <testcase classname="task.IT" name="IT_01" time="0.001"/>
  <testcase classname="task.IT" name="IT_02" time="0.002"/>
</testsuite> <!-- Default test -->
