<?xml version="1.0" encoding="UTF-8"?>
<testng-results ignored="0" total="1" passed="1" failed="0" skipped="0">
  <reporter-output>
  </reporter-output>
  <suite started-at="2024-07-24T18:57:18 IST" name="Default suite" finished-at="2024-07-24T18:57:18 IST" duration-ms="70">
    <groups>
    </groups>
    <test started-at="2024-07-24T18:57:18 IST" name="Default test" finished-at="2024-07-24T18:57:18 IST" duration-ms="70">
      <class name="javastream.ToLearnStream">
        <test-method signature="streamMap()[pri:0, instance:javastream.ToLearnStream@3c19aaa5]" started-at="2024-07-24T18:57:18 IST" name="streamMap" finished-at="2024-07-24T18:57:18 IST" duration-ms="14" status="PASS">
          <reporter-output>
          </reporter-output>
        </test-method> <!-- streamMap -->
      </class> <!-- javastream.ToLearnStream -->
    </test> <!-- Default test -->
  </suite> <!-- Default suite -->
</testng-results>
