<?xml version="1.0" encoding="UTF-8"?>
<!-- Generated by org.testng.reporters.JUnitXMLReporter -->
<testsuite ignored="0" hostname="TYSS-Theanmozli" failures="0" tests="4" name="Test" time="20.294" errors="0" timestamp="2024-07-27T08:38:13 IST">
  <testcase classname="batch.FT01" name="ft_01" time="4.263"/>
  <testcase classname="batch.FT02" name="ft_01" time="6.4"/>
  <testcase classname="batch.FT01" name="ft_02" time="9.788"/>
  <testcase classname="batch.FT03" name="ft_01" time="13.815"/>
</testsuite> <!-- Test -->
